{"contracts/Certificate.sol":{"l":{"38":3,"39":3,"40":3,"44":1,"48":1,"69":1,"74":1,"75":1,"76":0,"79":1,"84":1,"85":1,"96":0,"110":1,"119":0},"path":"/home/ubuntu/dev/nori/@nori-dot-com/contracts/contracts/Certificate.sol","s":{"1":3,"2":3,"3":3,"4":1,"5":1,"6":1,"7":1,"8":1,"9":1,"10":1,"11":1,"12":0,"13":1,"14":0},"b":{"1":[1,0],"2":[0,1]},"f":{"1":3,"2":1,"3":1,"4":0,"5":1,"6":0},"fnMap":{"1":{"name":"initialize","line":37,"loc":{"start":{"line":37,"column":2},"end":{"line":41,"column":2}}},"2":{"name":"addMinter","line":43,"loc":{"start":{"line":43,"column":2},"end":{"line":49,"column":2}}},"3":{"name":"mintBatch","line":63,"loc":{"start":{"line":63,"column":2},"end":{"line":86,"column":2}}},"4":{"name":"sources","line":91,"loc":{"start":{"line":91,"column":2},"end":{"line":97,"column":2}}},"5":{"name":"_beforeTokenTransfer","line":99,"loc":{"start":{"line":99,"column":2},"end":{"line":111,"column":2}}},"6":{"name":"supportsInterface","line":113,"loc":{"start":{"line":113,"column":2},"end":{"line":120,"column":2}}}},"statementMap":{"1":{"start":{"line":38,"column":4},"end":{"line":38,"column":65}},"2":{"start":{"line":39,"column":4},"end":{"line":39,"column":35}},"3":{"start":{"line":40,"column":4},"end":{"line":40,"column":21}},"4":{"start":{"line":44,"column":4},"end":{"line":44,"column":1384}},"5":{"start":{"line":48,"column":4},"end":{"line":48,"column":35}},"6":{"start":{"line":69,"column":4},"end":{"line":69,"column":59}},"7":{"start":{"line":74,"column":4},"end":{"line":74,"column":2624}},"8":{"start":{"line":75,"column":6},"end":{"line":75,"column":2682}},"9":{"start":{"line":79,"column":8},"end":{"line":79,"column":2846}},"10":{"start":{"line":84,"column":4},"end":{"line":84,"column":58}},"11":{"start":{"line":85,"column":4},"end":{"line":85,"column":39}},"12":{"start":{"line":96,"column":4},"end":{"line":96,"column":34}},"13":{"start":{"line":110,"column":4},"end":{"line":110,"column":77}},"14":{"start":{"line":119,"column":4},"end":{"line":119,"column":47}}},"branchMap":{"1":{"line":44,"type":"if","locations":[{"start":{"line":44,"column":4},"end":{"line":44,"column":4}},{"start":{"line":44,"column":4},"end":{"line":44,"column":4}}]},"2":{"line":75,"type":"if","locations":[{"start":{"line":75,"column":6},"end":{"line":75,"column":6}},{"start":{"line":75,"column":6},"end":{"line":75,"column":6}}]}}},"contracts/FIFOMarket.sol":{"l":{"45":3,"46":3,"47":3,"48":3,"49":3,"50":3,"51":3,"52":3,"53":3,"54":3,"55":3,"58":3,"66":0,"67":0,"68":0,"70":0,"80":1,"81":1,"83":1,"102":1,"103":1,"104":1,"108":1,"112":1,"113":1,"114":1,"115":1,"116":1,"117":1,"118":1,"119":1,"120":1,"121":1,"122":1,"123":1,"124":1,"126":0,"127":0,"129":0,"130":0,"131":0,"132":0,"134":0,"136":1,"137":1,"140":1,"141":1,"142":1,"143":1,"144":0,"146":1,"147":0,"149":1,"150":1,"151":1,"152":1,"154":1,"164":0},"path":"/home/ubuntu/dev/nori/@nori-dot-com/contracts/contracts/FIFOMarket.sol","s":{"1":3,"2":3,"3":3,"4":3,"5":3,"6":3,"7":3,"8":3,"9":3,"10":3,"11":3,"12":3,"13":0,"14":0,"15":0,"16":0,"17":1,"18":1,"19":1,"20":1,"21":1,"22":1,"23":1,"24":1,"25":1,"26":1,"27":1,"28":1,"29":1,"30":1,"31":1,"32":1,"33":1,"34":1,"35":1,"36":1,"37":0,"38":0,"39":0,"40":0,"41":0,"42":0,"43":0,"44":0,"45":1,"46":1,"47":1,"48":1,"49":1,"50":1,"51":0,"52":1,"53":1,"54":1,"55":1,"56":1,"57":0},"b":{"1":[1,0],"2":[1,0],"3":[1,0],"4":[1,0],"5":[0,0],"6":[0,0],"7":[1,0],"8":[0,1],"9":[0,1]},"f":{"1":3,"2":0,"3":1,"4":1,"5":0},"fnMap":{"1":{"name":"initialize","line":44,"loc":{"start":{"line":38,"column":2},"end":{"line":63,"column":2}}},"2":{"name":"numberOfTonnesInQueue","line":65,"loc":{"start":{"line":65,"column":2},"end":{"line":71,"column":2}}},"3":{"name":"onERC1155BatchReceived","line":73,"loc":{"start":{"line":73,"column":2},"end":{"line":84,"column":2}}},"4":{"name":"tokensReceived","line":91,"loc":{"start":{"line":91,"column":2},"end":{"line":155,"column":2}}},"5":{"name":"supportsInterface","line":157,"loc":{"start":{"line":157,"column":2},"end":{"line":167,"column":2}}}},"statementMap":{"1":{"start":{"line":45,"column":4},"end":{"line":45,"column":29}},"2":{"start":{"line":46,"column":4},"end":{"line":46,"column":28}},"3":{"start":{"line":47,"column":4},"end":{"line":47,"column":35}},"4":{"start":{"line":48,"column":4},"end":{"line":48,"column":45}},"5":{"start":{"line":49,"column":4},"end":{"line":49,"column":37}},"6":{"start":{"line":50,"column":4},"end":{"line":50,"column":37}},"7":{"start":{"line":51,"column":4},"end":{"line":51,"column":28}},"8":{"start":{"line":52,"column":4},"end":{"line":52,"column":49}},"9":{"start":{"line":53,"column":4},"end":{"line":53,"column":40}},"10":{"start":{"line":54,"column":4},"end":{"line":54,"column":21}},"11":{"start":{"line":55,"column":4},"end":{"line":55,"column":1805}},"12":{"start":{"line":58,"column":4},"end":{"line":58,"column":1913}},"13":{"start":{"line":66,"column":4},"end":{"line":66,"column":29}},"14":{"start":{"line":67,"column":4},"end":{"line":67,"column":2144}},"15":{"start":{"line":68,"column":6},"end":{"line":68,"column":69}},"16":{"start":{"line":70,"column":4},"end":{"line":70,"column":24}},"17":{"start":{"line":80,"column":4},"end":{"line":80,"column":2470}},"18":{"start":{"line":81,"column":6},"end":{"line":81,"column":23}},"19":{"start":{"line":83,"column":4},"end":{"line":83,"column":47}},"20":{"start":{"line":102,"column":4},"end":{"line":102,"column":55}},"21":{"start":{"line":103,"column":4},"end":{"line":103,"column":74}},"22":{"start":{"line":104,"column":4},"end":{"line":104,"column":3428}},"23":{"start":{"line":108,"column":4},"end":{"line":108,"column":3528}},"24":{"start":{"line":112,"column":4},"end":{"line":112,"column":65}},"25":{"start":{"line":113,"column":4},"end":{"line":113,"column":53}},"26":{"start":{"line":114,"column":4},"end":{"line":114,"column":57}},"27":{"start":{"line":115,"column":4},"end":{"line":115,"column":61}},"28":{"start":{"line":116,"column":4},"end":{"line":116,"column":63}},"29":{"start":{"line":117,"column":4},"end":{"line":117,"column":4010}},"30":{"start":{"line":118,"column":6},"end":{"line":118,"column":77}},"31":{"start":{"line":119,"column":6},"end":{"line":119,"column":64}},"32":{"start":{"line":120,"column":6},"end":{"line":120,"column":4211}},"33":{"start":{"line":121,"column":8},"end":{"line":121,"column":28}},"34":{"start":{"line":122,"column":8},"end":{"line":122,"column":41}},"35":{"start":{"line":123,"column":8},"end":{"line":123,"column":30}},"36":{"start":{"line":124,"column":8},"end":{"line":124,"column":32}},"37":{"start":{"line":125,"column":13},"end":{"line":125,"column":4412}},"38":{"start":{"line":126,"column":8},"end":{"line":126,"column":4468}},"39":{"start":{"line":127,"column":10},"end":{"line":127,"column":48}},"40":{"start":{"line":129,"column":8},"end":{"line":129,"column":28}},"41":{"start":{"line":130,"column":8},"end":{"line":130,"column":33}},"42":{"start":{"line":131,"column":8},"end":{"line":131,"column":30}},"43":{"start":{"line":132,"column":8},"end":{"line":132,"column":45}},"44":{"start":{"line":134,"column":8},"end":{"line":134,"column":46}},"45":{"start":{"line":136,"column":6},"end":{"line":136,"column":4826}},"46":{"start":{"line":140,"column":4},"end":{"line":140,"column":73}},"47":{"start":{"line":141,"column":4},"end":{"line":141,"column":76}},"48":{"start":{"line":142,"column":4},"end":{"line":142,"column":5045}},"49":{"start":{"line":143,"column":6},"end":{"line":143,"column":5096}},"50":{"start":{"line":146,"column":6},"end":{"line":146,"column":5148}},"51":{"start":{"line":147,"column":8},"end":{"line":147,"column":23}},"52":{"start":{"line":149,"column":6},"end":{"line":149,"column":53}},"53":{"start":{"line":150,"column":6},"end":{"line":150,"column":38}},"54":{"start":{"line":151,"column":6},"end":{"line":151,"column":44}},"55":{"start":{"line":152,"column":6},"end":{"line":152,"column":46}},"56":{"start":{"line":154,"column":4},"end":{"line":154,"column":50}},"57":{"start":{"line":164,"column":4},"end":{"line":164,"column":5748}}},"branchMap":{"1":{"line":103,"type":"if","locations":[{"start":{"line":103,"column":4},"end":{"line":103,"column":4}},{"start":{"line":103,"column":4},"end":{"line":103,"column":4}}]},"2":{"line":104,"type":"if","locations":[{"start":{"line":104,"column":4},"end":{"line":104,"column":4}},{"start":{"line":104,"column":4},"end":{"line":104,"column":4}}]},"3":{"line":108,"type":"if","locations":[{"start":{"line":108,"column":4},"end":{"line":108,"column":4}},{"start":{"line":108,"column":4},"end":{"line":108,"column":4}}]},"4":{"line":120,"type":"if","locations":[{"start":{"line":120,"column":6},"end":{"line":120,"column":6}},{"start":{"line":120,"column":6},"end":{"line":120,"column":6}}]},"5":{"line":125,"type":"if","locations":[{"start":{"line":125,"column":13},"end":{"line":125,"column":13}},{"start":{"line":125,"column":13},"end":{"line":125,"column":13}}]},"6":{"line":126,"type":"if","locations":[{"start":{"line":126,"column":8},"end":{"line":126,"column":8}},{"start":{"line":126,"column":8},"end":{"line":126,"column":8}}]},"7":{"line":136,"type":"if","locations":[{"start":{"line":136,"column":6},"end":{"line":136,"column":6}},{"start":{"line":136,"column":6},"end":{"line":136,"column":6}}]},"8":{"line":143,"type":"if","locations":[{"start":{"line":143,"column":6},"end":{"line":143,"column":6}},{"start":{"line":143,"column":6},"end":{"line":143,"column":6}}]},"9":{"line":146,"type":"if","locations":[{"start":{"line":146,"column":6},"end":{"line":146,"column":6}},{"start":{"line":146,"column":6},"end":{"line":146,"column":6}}]}}},"contracts/LockedNORI.sol":{"l":{"140":8,"145":8,"156":5,"157":5,"158":3,"159":3,"160":3,"161":3,"180":1,"181":1,"182":1,"194":1,"211":1,"215":3,"216":3,"217":3,"218":3,"219":3,"220":3,"221":3,"222":3,"223":3,"224":3,"225":3,"226":3,"227":3,"228":3,"229":3,"232":3,"253":8,"255":8,"256":5,"259":8,"260":8,"273":6,"277":6,"282":6,"283":6,"284":6,"285":6,"287":6,"288":6,"293":6,"294":6,"295":6,"296":6,"300":6,"306":6,"307":6,"308":6,"309":6,"310":6,"312":6,"329":1,"330":1,"331":1,"332":1,"333":1,"334":1,"335":1,"336":1,"337":1,"338":1,"350":0,"351":0,"358":17,"369":18,"370":18,"371":18,"372":17,"373":17,"377":0,"380":18,"387":25,"398":25,"399":25,"400":25,"407":24,"417":25,"429":66,"440":2,"441":2,"468":16,"469":16,"470":16,"471":7,"472":7,"473":6,"474":6,"477":12,"490":0,"500":0,"509":0,"519":0,"529":0,"539":0,"549":3,"558":1,"571":0,"581":0,"591":0},"path":"/home/ubuntu/dev/nori/@nori-dot-com/contracts/contracts/LockedNORI.sol","s":{"1":8,"2":8,"3":5,"4":5,"5":3,"6":3,"7":3,"8":3,"9":1,"10":1,"11":1,"12":1,"13":1,"14":3,"15":3,"16":3,"17":3,"18":3,"19":3,"20":3,"21":3,"22":3,"23":3,"24":3,"25":3,"26":3,"27":3,"28":3,"29":3,"30":8,"31":8,"32":5,"33":8,"34":8,"35":6,"36":6,"37":6,"38":6,"39":6,"40":6,"41":6,"42":6,"43":6,"44":6,"45":6,"46":6,"47":6,"48":6,"49":6,"50":6,"51":6,"52":6,"53":6,"54":1,"55":1,"56":1,"57":1,"58":1,"59":1,"60":1,"61":1,"62":1,"63":1,"64":0,"65":0,"66":17,"67":18,"68":18,"69":18,"70":17,"71":17,"72":0,"73":18,"74":25,"75":25,"76":25,"77":25,"78":24,"79":25,"80":66,"81":2,"82":2,"83":16,"84":16,"85":16,"86":7,"87":7,"88":6,"89":6,"90":12,"91":0,"92":0,"93":0,"94":0,"95":0,"96":0,"97":3,"98":1,"99":0,"100":0,"101":0},"b":{"1":[8,0],"2":[5,3],"3":[6,0],"4":[6,0],"5":[6,0],"6":[1,0],"7":[1,0],"8":[17,1],"9":[17,0],"10":[24,1],"11":[7,9],"12":[6,1],"13":[2,4]},"f":{"1":8,"2":5,"3":1,"4":1,"5":3,"6":8,"7":6,"8":1,"9":0,"10":17,"11":18,"12":25,"13":25,"14":66,"15":2,"16":16,"17":0,"18":0,"19":0,"20":0,"21":0,"22":0,"23":3,"24":1,"25":0,"26":0,"27":0},"fnMap":{"1":{"name":"tokensReceived","line":132,"loc":{"start":{"line":132,"column":2},"end":{"line":146,"column":2}}},"2":{"name":"withdrawTo","line":151,"loc":{"start":{"line":151,"column":2},"end":{"line":162,"column":2}}},"3":{"name":"grantTo","line":179,"loc":{"start":{"line":167,"column":2},"end":{"line":195,"column":2}}},"4":{"name":"revokeUnvestedTokens","line":210,"loc":{"start":{"line":206,"column":2},"end":{"line":212,"column":2}}},"5":{"name":"initialize","line":214,"loc":{"start":{"line":214,"column":2},"end":{"line":237,"column":2}}},"6":{"name":"_depositFor","line":248,"loc":{"start":{"line":248,"column":2},"end":{"line":261,"column":2}}},"7":{"name":"_grantTo","line":272,"loc":{"start":{"line":272,"column":2},"end":{"line":319,"column":2}}},"8":{"name":"_revokeUnvestedTokens","line":324,"loc":{"start":{"line":324,"column":2},"end":{"line":340,"column":2}}},"9":{"name":"quantityRevokedFrom","line":345,"loc":{"start":{"line":345,"column":2},"end":{"line":352,"column":2}}},"10":{"name":"vestedBalanceOf","line":357,"loc":{"start":{"line":357,"column":2},"end":{"line":359,"column":2}}},"11":{"name":"_vestedBalanceOf","line":364,"loc":{"start":{"line":364,"column":2},"end":{"line":381,"column":2}}},"12":{"name":"unlockedBalanceOf","line":386,"loc":{"start":{"line":386,"column":2},"end":{"line":388,"column":2}}},"13":{"name":"_unlockedBalanceOf","line":393,"loc":{"start":{"line":393,"column":2},"end":{"line":418,"column":2}}},"14":{"name":"balanceOf","line":423,"loc":{"start":{"line":423,"column":2},"end":{"line":430,"column":2}}},"15":{"name":"getGrant","line":435,"loc":{"start":{"line":435,"column":2},"end":{"line":457,"column":2}}},"16":{"name":"_beforeTokenTransfer","line":467,"loc":{"start":{"line":462,"column":2},"end":{"line":478,"column":2}}},"17":{"name":"_approve","line":488,"loc":{"start":{"line":480,"column":2},"end":{"line":491,"column":2}}},"18":{"name":"allowance","line":493,"loc":{"start":{"line":493,"column":2},"end":{"line":501,"column":2}}},"19":{"name":"approve","line":503,"loc":{"start":{"line":503,"column":2},"end":{"line":510,"column":2}}},"20":{"name":"decimals","line":512,"loc":{"start":{"line":512,"column":2},"end":{"line":520,"column":2}}},"21":{"name":"name","line":522,"loc":{"start":{"line":522,"column":2},"end":{"line":530,"column":2}}},"22":{"name":"symbol","line":532,"loc":{"start":{"line":532,"column":2},"end":{"line":540,"column":2}}},"23":{"name":"totalSupply","line":542,"loc":{"start":{"line":542,"column":2},"end":{"line":550,"column":2}}},"24":{"name":"transfer","line":552,"loc":{"start":{"line":552,"column":2},"end":{"line":559,"column":2}}},"25":{"name":"transferFrom","line":561,"loc":{"start":{"line":561,"column":2},"end":{"line":572,"column":2}}},"26":{"name":"decreaseAllowance","line":578,"loc":{"start":{"line":574,"column":2},"end":{"line":582,"column":2}}},"27":{"name":"authorizeOperator","line":589,"loc":{"start":{"line":585,"column":2},"end":{"line":592,"column":2}}}},"statementMap":{"1":{"start":{"line":140,"column":4},"end":{"line":140,"column":4637}},"2":{"start":{"line":145,"column":4},"end":{"line":145,"column":46}},"3":{"start":{"line":156,"column":4},"end":{"line":156,"column":47}},"4":{"start":{"line":157,"column":4},"end":{"line":157,"column":56}},"5":{"start":{"line":158,"column":4},"end":{"line":158,"column":40}},"6":{"start":{"line":159,"column":4},"end":{"line":159,"column":32}},"7":{"start":{"line":160,"column":4},"end":{"line":160,"column":39}},"8":{"start":{"line":161,"column":4},"end":{"line":161,"column":15}},"9":{"start":{"line":180,"column":4},"end":{"line":180,"column":30}},"10":{"start":{"line":181,"column":4},"end":{"line":181,"column":20}},"11":{"start":{"line":182,"column":4},"end":{"line":182,"column":5897}},"12":{"start":{"line":194,"column":4},"end":{"line":194,"column":29}},"13":{"start":{"line":211,"column":4},"end":{"line":211,"column":42}},"14":{"start":{"line":215,"column":4},"end":{"line":215,"column":29}},"15":{"start":{"line":216,"column":4},"end":{"line":216,"column":28}},"16":{"start":{"line":217,"column":4},"end":{"line":217,"column":35}},"17":{"start":{"line":218,"column":4},"end":{"line":218,"column":45}},"18":{"start":{"line":219,"column":4},"end":{"line":219,"column":35}},"19":{"start":{"line":220,"column":4},"end":{"line":220,"column":30}},"20":{"start":{"line":221,"column":4},"end":{"line":221,"column":35}},"21":{"start":{"line":222,"column":4},"end":{"line":222,"column":67}},"22":{"start":{"line":223,"column":4},"end":{"line":223,"column":49}},"23":{"start":{"line":224,"column":4},"end":{"line":224,"column":30}},"24":{"start":{"line":225,"column":4},"end":{"line":225,"column":61}},"25":{"start":{"line":226,"column":4},"end":{"line":226,"column":47}},"26":{"start":{"line":227,"column":4},"end":{"line":227,"column":47}},"27":{"start":{"line":228,"column":4},"end":{"line":228,"column":56}},"28":{"start":{"line":229,"column":4},"end":{"line":229,"column":7379}},"29":{"start":{"line":232,"column":4},"end":{"line":232,"column":7487}},"30":{"start":{"line":253,"column":4},"end":{"line":253,"column":77}},"31":{"start":{"line":255,"column":4},"end":{"line":255,"column":8307}},"32":{"start":{"line":256,"column":6},"end":{"line":256,"column":31}},"33":{"start":{"line":259,"column":4},"end":{"line":259,"column":76}},"34":{"start":{"line":260,"column":4},"end":{"line":260,"column":15}},"35":{"start":{"line":273,"column":4},"end":{"line":273,"column":8949}},"36":{"start":{"line":277,"column":4},"end":{"line":277,"column":9057}},"37":{"start":{"line":282,"column":4},"end":{"line":282,"column":56}},"38":{"start":{"line":283,"column":4},"end":{"line":283,"column":29}},"39":{"start":{"line":284,"column":4},"end":{"line":284,"column":32}},"40":{"start":{"line":285,"column":4},"end":{"line":285,"column":22}},"41":{"start":{"line":287,"column":4},"end":{"line":287,"column":9317}},"42":{"start":{"line":288,"column":6},"end":{"line":288,"column":9370}},"43":{"start":{"line":293,"column":6},"end":{"line":293,"column":47}},"44":{"start":{"line":294,"column":6},"end":{"line":294,"column":55}},"45":{"start":{"line":295,"column":6},"end":{"line":295,"column":55}},"46":{"start":{"line":296,"column":6},"end":{"line":296,"column":9752}},"47":{"start":{"line":300,"column":6},"end":{"line":300,"column":9858}},"48":{"start":{"line":306,"column":4},"end":{"line":306,"column":44}},"49":{"start":{"line":307,"column":4},"end":{"line":307,"column":52}},"50":{"start":{"line":308,"column":4},"end":{"line":308,"column":54}},"51":{"start":{"line":309,"column":4},"end":{"line":309,"column":78}},"52":{"start":{"line":310,"column":4},"end":{"line":310,"column":78}},"53":{"start":{"line":312,"column":4},"end":{"line":312,"column":10290}},"54":{"start":{"line":329,"column":4},"end":{"line":329,"column":44}},"55":{"start":{"line":330,"column":4},"end":{"line":330,"column":42}},"56":{"start":{"line":331,"column":4},"end":{"line":331,"column":58}},"57":{"start":{"line":332,"column":4},"end":{"line":332,"column":10786}},"58":{"start":{"line":333,"column":6},"end":{"line":333,"column":65}},"59":{"start":{"line":334,"column":6},"end":{"line":334,"column":38}},"60":{"start":{"line":335,"column":6},"end":{"line":335,"column":54}},"61":{"start":{"line":336,"column":6},"end":{"line":336,"column":43}},"62":{"start":{"line":337,"column":6},"end":{"line":337,"column":63}},"63":{"start":{"line":338,"column":6},"end":{"line":338,"column":52}},"64":{"start":{"line":350,"column":4},"end":{"line":350,"column":47}},"65":{"start":{"line":351,"column":4},"end":{"line":351,"column":51}},"66":{"start":{"line":358,"column":4},"end":{"line":358,"column":53}},"67":{"start":{"line":369,"column":4},"end":{"line":369,"column":47}},"68":{"start":{"line":370,"column":4},"end":{"line":370,"column":45}},"69":{"start":{"line":371,"column":4},"end":{"line":371,"column":12028}},"70":{"start":{"line":372,"column":6},"end":{"line":372,"column":12056}},"71":{"start":{"line":373,"column":8},"end":{"line":373,"column":12129}},"72":{"start":{"line":377,"column":8},"end":{"line":377,"column":56}},"73":{"start":{"line":380,"column":4},"end":{"line":380,"column":18}},"74":{"start":{"line":387,"column":4},"end":{"line":387,"column":55}},"75":{"start":{"line":398,"column":4},"end":{"line":398,"column":47}},"76":{"start":{"line":399,"column":4},"end":{"line":399,"column":45}},"77":{"start":{"line":400,"column":4},"end":{"line":400,"column":12879}},"78":{"start":{"line":407,"column":6},"end":{"line":407,"column":13313}},"79":{"start":{"line":417,"column":4},"end":{"line":417,"column":18}},"80":{"start":{"line":429,"column":4},"end":{"line":429,"column":47}},"81":{"start":{"line":440,"column":4},"end":{"line":440,"column":47}},"82":{"start":{"line":441,"column":4},"end":{"line":441,"column":14101}},"83":{"start":{"line":468,"column":4},"end":{"line":468,"column":42}},"84":{"start":{"line":469,"column":4},"end":{"line":469,"column":40}},"85":{"start":{"line":470,"column":4},"end":{"line":470,"column":14991}},"86":{"start":{"line":471,"column":6},"end":{"line":471,"column":72}},"87":{"start":{"line":472,"column":6},"end":{"line":472,"column":15105}},"88":{"start":{"line":473,"column":8},"end":{"line":473,"column":58}},"89":{"start":{"line":474,"column":8},"end":{"line":474,"column":73}},"90":{"start":{"line":477,"column":4},"end":{"line":477,"column":47}},"91":{"start":{"line":490,"column":4},"end":{"line":490,"column":53}},"92":{"start":{"line":500,"column":4},"end":{"line":500,"column":55}},"93":{"start":{"line":509,"column":4},"end":{"line":509,"column":52}},"94":{"start":{"line":519,"column":4},"end":{"line":519,"column":39}},"95":{"start":{"line":529,"column":4},"end":{"line":529,"column":35}},"96":{"start":{"line":539,"column":4},"end":{"line":539,"column":37}},"97":{"start":{"line":549,"column":4},"end":{"line":549,"column":42}},"98":{"start":{"line":558,"column":4},"end":{"line":558,"column":56}},"99":{"start":{"line":571,"column":4},"end":{"line":571,"column":68}},"100":{"start":{"line":581,"column":4},"end":{"line":581,"column":54}},"101":{"start":{"line":591,"column":4},"end":{"line":591,"column":48}}},"branchMap":{"1":{"line":140,"type":"if","locations":[{"start":{"line":140,"column":4},"end":{"line":140,"column":4}},{"start":{"line":140,"column":4},"end":{"line":140,"column":4}}]},"2":{"line":255,"type":"if","locations":[{"start":{"line":255,"column":4},"end":{"line":255,"column":4}},{"start":{"line":255,"column":4},"end":{"line":255,"column":4}}]},"3":{"line":277,"type":"if","locations":[{"start":{"line":277,"column":4},"end":{"line":277,"column":4}},{"start":{"line":277,"column":4},"end":{"line":277,"column":4}}]},"4":{"line":287,"type":"if","locations":[{"start":{"line":287,"column":4},"end":{"line":287,"column":4}},{"start":{"line":287,"column":4},"end":{"line":287,"column":4}}]},"5":{"line":288,"type":"if","locations":[{"start":{"line":288,"column":6},"end":{"line":288,"column":6}},{"start":{"line":288,"column":6},"end":{"line":288,"column":6}}]},"6":{"line":330,"type":"if","locations":[{"start":{"line":330,"column":4},"end":{"line":330,"column":4}},{"start":{"line":330,"column":4},"end":{"line":330,"column":4}}]},"7":{"line":332,"type":"if","locations":[{"start":{"line":332,"column":4},"end":{"line":332,"column":4}},{"start":{"line":332,"column":4},"end":{"line":332,"column":4}}]},"8":{"line":371,"type":"if","locations":[{"start":{"line":371,"column":4},"end":{"line":371,"column":4}},{"start":{"line":371,"column":4},"end":{"line":371,"column":4}}]},"9":{"line":372,"type":"if","locations":[{"start":{"line":372,"column":6},"end":{"line":372,"column":6}},{"start":{"line":372,"column":6},"end":{"line":372,"column":6}}]},"10":{"line":400,"type":"if","locations":[{"start":{"line":400,"column":4},"end":{"line":400,"column":4}},{"start":{"line":400,"column":4},"end":{"line":400,"column":4}}]},"11":{"line":470,"type":"if","locations":[{"start":{"line":470,"column":4},"end":{"line":470,"column":4}},{"start":{"line":470,"column":4},"end":{"line":470,"column":4}}]},"12":{"line":472,"type":"if","locations":[{"start":{"line":472,"column":6},"end":{"line":472,"column":6}},{"start":{"line":472,"column":6},"end":{"line":472,"column":6}}]},"13":{"line":474,"type":"if","locations":[{"start":{"line":474,"column":8},"end":{"line":474,"column":8}},{"start":{"line":474,"column":8},"end":{"line":474,"column":8}}]}}},"contracts/NCCR_V0.sol":{"l":{"14":9,"15":9,"16":9,"17":9,"18":9,"35":6,"36":6,"37":6,"38":6,"48":6,"49":6,"58":1,"59":1,"67":1,"71":1,"75":1,"83":0,"91":2,"100":1},"path":"/home/ubuntu/dev/nori/@nori-dot-com/contracts/contracts/NCCR_V0.sol","s":{"1":9,"2":9,"3":9,"4":9,"5":9,"6":6,"7":6,"8":6,"9":6,"10":6,"11":6,"12":1,"13":1,"14":1,"15":1,"16":1,"17":0,"18":2,"19":1},"b":{"1":[6,0],"2":[1,0]},"f":{"1":9,"2":6,"3":6,"4":1,"5":1,"6":1,"7":1,"8":0,"9":2,"10":1},"fnMap":{"1":{"name":"initialize","line":13,"loc":{"start":{"line":13,"column":2},"end":{"line":19,"column":2}}},"2":{"name":"mintWithTokenURIAndData","line":34,"loc":{"start":{"line":29,"column":2},"end":{"line":39,"column":2}}},"3":{"name":"_setTokenData","line":47,"loc":{"start":{"line":47,"column":2},"end":{"line":50,"column":2}}},"4":{"name":"tokenData","line":57,"loc":{"start":{"line":57,"column":2},"end":{"line":60,"column":2}}},"5":{"name":"mintWithTokenURI","line":66,"loc":{"start":{"line":62,"column":2},"end":{"line":68,"column":2}}},"6":{"name":"approve","line":70,"loc":{"start":{"line":70,"column":2},"end":{"line":72,"column":2}}},"7":{"name":"setApprovalForAll","line":74,"loc":{"start":{"line":74,"column":2},"end":{"line":76,"column":2}}},"8":{"name":"transferFrom","line":78,"loc":{"start":{"line":78,"column":2},"end":{"line":84,"column":2}}},"9":{"name":"safeTransferFrom","line":86,"loc":{"start":{"line":86,"column":2},"end":{"line":92,"column":2}}},"10":{"name":"safeTransferFrom","line":94,"loc":{"start":{"line":94,"column":2},"end":{"line":101,"column":2}}}},"statementMap":{"1":{"start":{"line":14,"column":4},"end":{"line":14,"column":22}},"2":{"start":{"line":15,"column":4},"end":{"line":15,"column":32}},"3":{"start":{"line":16,"column":4},"end":{"line":16,"column":74}},"4":{"start":{"line":17,"column":4},"end":{"line":17,"column":48}},"5":{"start":{"line":18,"column":4},"end":{"line":18,"column":40}},"6":{"start":{"line":35,"column":4},"end":{"line":35,"column":21}},"7":{"start":{"line":36,"column":4},"end":{"line":36,"column":34}},"8":{"start":{"line":37,"column":4},"end":{"line":37,"column":36}},"9":{"start":{"line":38,"column":4},"end":{"line":38,"column":15}},"10":{"start":{"line":48,"column":4},"end":{"line":48,"column":54}},"11":{"start":{"line":49,"column":4},"end":{"line":49,"column":29}},"12":{"start":{"line":58,"column":4},"end":{"line":58,"column":54}},"13":{"start":{"line":59,"column":4},"end":{"line":59,"column":30}},"14":{"start":{"line":67,"column":4},"end":{"line":67,"column":56}},"15":{"start":{"line":71,"column":4},"end":{"line":71,"column":54}},"16":{"start":{"line":75,"column":4},"end":{"line":75,"column":53}},"17":{"start":{"line":83,"column":4},"end":{"line":83,"column":53}},"18":{"start":{"line":91,"column":4},"end":{"line":91,"column":53}},"19":{"start":{"line":100,"column":4},"end":{"line":100,"column":53}}},"branchMap":{"1":{"line":48,"type":"if","locations":[{"start":{"line":48,"column":4},"end":{"line":48,"column":4}},{"start":{"line":48,"column":4},"end":{"line":48,"column":4}}]},"2":{"line":58,"type":"if","locations":[{"start":{"line":58,"column":4},"end":{"line":58,"column":4}},{"start":{"line":58,"column":4},"end":{"line":58,"column":4}}]}}},"contracts/Nori_V0.sol":{"l":{"20":15,"21":15,"22":15,"23":15,"24":15,"25":15,"26":15,"36":0,"37":0,"38":0,"46":0},"path":"/home/ubuntu/dev/nori/@nori-dot-com/contracts/contracts/Nori_V0.sol","s":{"1":15,"2":15,"3":15,"4":15,"5":15,"6":15,"7":15,"8":0,"9":0,"10":0,"11":0},"b":{},"f":{"1":15,"2":0},"fnMap":{"1":{"name":"initialize","line":19,"loc":{"start":{"line":19,"column":2},"end":{"line":27,"column":2}}},"2":{"name":"transferWithFeeAndMemo","line":35,"loc":{"start":{"line":29,"column":2},"end":{"line":47,"column":2}}}},"statementMap":{"1":{"start":{"line":20,"column":4},"end":{"line":20,"column":47}},"2":{"start":{"line":21,"column":4},"end":{"line":21,"column":42}},"3":{"start":{"line":22,"column":4},"end":{"line":22,"column":31}},"4":{"start":{"line":23,"column":4},"end":{"line":23,"column":42}},"5":{"start":{"line":24,"column":4},"end":{"line":24,"column":31}},"6":{"start":{"line":25,"column":4},"end":{"line":25,"column":25}},"7":{"start":{"line":26,"column":4},"end":{"line":26,"column":25}},"8":{"start":{"line":36,"column":4},"end":{"line":36,"column":36}},"9":{"start":{"line":37,"column":4},"end":{"line":37,"column":31}},"10":{"start":{"line":38,"column":4},"end":{"line":38,"column":1175}},"11":{"start":{"line":46,"column":4},"end":{"line":46,"column":15}}},"branchMap":{}},"contracts/NORI.sol":{"l":{"20":6,"21":6,"22":6,"23":6,"24":6,"25":6,"26":6,"27":6,"28":6,"29":6,"50":1,"51":1,"62":0,"63":0,"74":0,"75":0,"89":21,"90":21},"path":"/home/ubuntu/dev/nori/@nori-dot-com/contracts/contracts/NORI.sol","s":{"1":6,"2":6,"3":6,"4":6,"5":6,"6":6,"7":6,"8":6,"9":6,"10":6,"11":1,"12":1,"13":0,"14":0,"15":0,"16":0,"17":21,"18":21},"b":{"1":[1,0],"2":[0,0],"3":[0,0],"4":[21,0]},"f":{"1":6,"2":1,"3":0,"4":0,"5":21},"fnMap":{"1":{"name":"initialize","line":19,"loc":{"start":{"line":19,"column":2},"end":{"line":35,"column":2}}},"2":{"name":"mint","line":44,"loc":{"start":{"line":44,"column":2},"end":{"line":52,"column":2}}},"3":{"name":"pause","line":61,"loc":{"start":{"line":61,"column":2},"end":{"line":64,"column":2}}},"4":{"name":"unpause","line":73,"loc":{"start":{"line":73,"column":2},"end":{"line":76,"column":2}}},"5":{"name":"_beforeTokenTransfer","line":83,"loc":{"start":{"line":83,"column":2},"end":{"line":91,"column":2}}}},"statementMap":{"1":{"start":{"line":20,"column":4},"end":{"line":20,"column":29}},"2":{"start":{"line":21,"column":4},"end":{"line":21,"column":28}},"3":{"start":{"line":22,"column":4},"end":{"line":22,"column":35}},"4":{"start":{"line":23,"column":4},"end":{"line":23,"column":45}},"5":{"start":{"line":24,"column":4},"end":{"line":24,"column":60}},"6":{"start":{"line":25,"column":4},"end":{"line":25,"column":30}},"7":{"start":{"line":26,"column":4},"end":{"line":26,"column":47}},"8":{"start":{"line":27,"column":4},"end":{"line":27,"column":40}},"9":{"start":{"line":28,"column":4},"end":{"line":28,"column":40}},"10":{"start":{"line":29,"column":4},"end":{"line":29,"column":1150}},"11":{"start":{"line":50,"column":4},"end":{"line":50,"column":75}},"12":{"start":{"line":51,"column":4},"end":{"line":51,"column":49}},"13":{"start":{"line":62,"column":4},"end":{"line":62,"column":75}},"14":{"start":{"line":63,"column":4},"end":{"line":63,"column":11}},"15":{"start":{"line":74,"column":4},"end":{"line":74,"column":75}},"16":{"start":{"line":75,"column":4},"end":{"line":75,"column":13}},"17":{"start":{"line":89,"column":4},"end":{"line":89,"column":57}},"18":{"start":{"line":90,"column":4},"end":{"line":90,"column":49}}},"branchMap":{"1":{"line":50,"type":"if","locations":[{"start":{"line":50,"column":4},"end":{"line":50,"column":4}},{"start":{"line":50,"column":4},"end":{"line":50,"column":4}}]},"2":{"line":62,"type":"if","locations":[{"start":{"line":62,"column":4},"end":{"line":62,"column":4}},{"start":{"line":62,"column":4},"end":{"line":62,"column":4}}]},"3":{"line":74,"type":"if","locations":[{"start":{"line":74,"column":4},"end":{"line":74,"column":4}},{"start":{"line":74,"column":4},"end":{"line":74,"column":4}}]},"4":{"line":90,"type":"if","locations":[{"start":{"line":90,"column":4},"end":{"line":90,"column":4}},{"start":{"line":90,"column":4},"end":{"line":90,"column":4}}]}}},"contracts/Removal.sol":{"l":{"39":3,"40":3,"41":3,"42":3,"60":1,"61":1,"62":1,"63":1,"68":1,"69":1,"89":1,"98":0,"105":1,"119":3},"path":"/home/ubuntu/dev/nori/@nori-dot-com/contracts/contracts/Removal.sol","s":{"1":3,"2":3,"3":3,"4":3,"5":1,"6":1,"7":1,"8":1,"9":1,"10":1,"11":1,"12":0,"13":1,"14":3},"b":{},"f":{"1":3,"2":1,"3":1,"4":0,"5":1,"6":3},"fnMap":{"1":{"name":"initialize","line":38,"loc":{"start":{"line":38,"column":2},"end":{"line":43,"column":2}}},"2":{"name":"mintBatch","line":53,"loc":{"start":{"line":53,"column":2},"end":{"line":76,"column":2}}},"3":{"name":"safeBatchTransferFrom","line":81,"loc":{"start":{"line":81,"column":2},"end":{"line":90,"column":2}}},"4":{"name":"supportsInterface","line":92,"loc":{"start":{"line":92,"column":2},"end":{"line":99,"column":2}}},"5":{"name":"vintage","line":104,"loc":{"start":{"line":104,"column":2},"end":{"line":106,"column":2}}},"6":{"name":"_beforeTokenTransfer","line":108,"loc":{"start":{"line":108,"column":2},"end":{"line":120,"column":2}}}},"statementMap":{"1":{"start":{"line":39,"column":4},"end":{"line":39,"column":61}},"2":{"start":{"line":40,"column":4},"end":{"line":40,"column":35}},"3":{"start":{"line":41,"column":4},"end":{"line":41,"column":21}},"4":{"start":{"line":42,"column":4},"end":{"line":42,"column":19}},"5":{"start":{"line":60,"column":4},"end":{"line":60,"column":57}},"6":{"start":{"line":61,"column":4},"end":{"line":61,"column":2168}},"7":{"start":{"line":62,"column":6},"end":{"line":62,"column":32}},"8":{"start":{"line":63,"column":6},"end":{"line":63,"column":2260}},"9":{"start":{"line":68,"column":4},"end":{"line":68,"column":43}},"10":{"start":{"line":69,"column":4},"end":{"line":69,"column":42}},"11":{"start":{"line":89,"column":4},"end":{"line":89,"column":65}},"12":{"start":{"line":98,"column":4},"end":{"line":98,"column":47}},"13":{"start":{"line":105,"column":4},"end":{"line":105,"column":31}},"14":{"start":{"line":119,"column":4},"end":{"line":119,"column":77}}},"branchMap":{}},"contracts/ScheduleUtils.sol":{"l":{"25":30,"26":16,"28":14,"33":30,"34":30,"38":30,"39":30,"40":30,"48":210,"49":210,"50":334,"52":210,"60":91,"61":91,"62":162,"63":121,"66":91,"73":91,"75":91,"76":89,"78":91,"79":28,"81":63,"82":63,"83":60,"85":63,"86":63,"87":63,"98":91},"path":"/home/ubuntu/dev/nori/@nori-dot-com/contracts/contracts/ScheduleUtils.sol","s":{"1":30,"2":16,"3":14,"4":30,"5":30,"6":30,"7":30,"8":30,"9":210,"10":210,"11":334,"12":210,"13":91,"14":91,"15":162,"16":121,"17":91,"18":91,"19":91,"20":89,"21":91,"22":28,"23":63,"24":63,"25":60,"26":63,"27":63,"28":63,"29":91},"b":{"1":[16,14],"2":[16,0],"3":[14,0],"4":[30,0],"5":[30,0],"6":[121,41],"7":[89,2],"8":[28,63],"9":[60,3]},"f":{"1":30,"2":210,"3":91,"4":91,"5":91},"fnMap":{"1":{"name":"addCliff","line":20,"loc":{"start":{"line":20,"column":2},"end":{"line":41,"column":2}}},"2":{"name":"allCliffAmounts","line":43,"loc":{"start":{"line":43,"column":2},"end":{"line":53,"column":2}}},"3":{"name":"cliffAmountsAvailable","line":55,"loc":{"start":{"line":55,"column":2},"end":{"line":67,"column":2}}},"4":{"name":"linearReleaseAmountAvailable","line":69,"loc":{"start":{"line":69,"column":2},"end":{"line":91,"column":2}}},"5":{"name":"availableAmount","line":93,"loc":{"start":{"line":93,"column":2},"end":{"line":101,"column":2}}}},"statementMap":{"1":{"start":{"line":25,"column":4},"end":{"line":25,"column":466}},"2":{"start":{"line":26,"column":6},"end":{"line":26,"column":71}},"3":{"start":{"line":28,"column":6},"end":{"line":28,"column":593}},"4":{"start":{"line":33,"column":4},"end":{"line":33,"column":72}},"5":{"start":{"line":34,"column":4},"end":{"line":34,"column":792}},"6":{"start":{"line":38,"column":4},"end":{"line":38,"column":51}},"7":{"start":{"line":39,"column":4},"end":{"line":39,"column":55}},"8":{"start":{"line":40,"column":4},"end":{"line":40,"column":27}},"9":{"start":{"line":48,"column":4},"end":{"line":48,"column":24}},"10":{"start":{"line":49,"column":4},"end":{"line":49,"column":1188}},"11":{"start":{"line":50,"column":6},"end":{"line":50,"column":46}},"12":{"start":{"line":52,"column":4},"end":{"line":52,"column":23}},"13":{"start":{"line":60,"column":4},"end":{"line":60,"column":25}},"14":{"start":{"line":61,"column":4},"end":{"line":61,"column":1480}},"15":{"start":{"line":62,"column":6},"end":{"line":62,"column":1540}},"16":{"start":{"line":63,"column":8},"end":{"line":63,"column":45}},"17":{"start":{"line":66,"column":4},"end":{"line":66,"column":63}},"18":{"start":{"line":73,"column":4},"end":{"line":73,"column":27}},"19":{"start":{"line":75,"column":4},"end":{"line":75,"column":1925}},"20":{"start":{"line":76,"column":6},"end":{"line":76,"column":71}},"21":{"start":{"line":78,"column":4},"end":{"line":78,"column":2076}},"22":{"start":{"line":79,"column":6},"end":{"line":79,"column":28}},"23":{"start":{"line":81,"column":4},"end":{"line":81,"column":46}},"24":{"start":{"line":82,"column":4},"end":{"line":82,"column":2198}},"25":{"start":{"line":83,"column":6},"end":{"line":83,"column":66}},"26":{"start":{"line":85,"column":4},"end":{"line":85,"column":60}},"27":{"start":{"line":86,"column":4},"end":{"line":86,"column":67}},"28":{"start":{"line":87,"column":4},"end":{"line":87,"column":2505}},"29":{"start":{"line":98,"column":4},"end":{"line":98,"column":2732}}},"branchMap":{"1":{"line":25,"type":"if","locations":[{"start":{"line":25,"column":4},"end":{"line":25,"column":4}},{"start":{"line":25,"column":4},"end":{"line":25,"column":4}}]},"2":{"line":26,"type":"if","locations":[{"start":{"line":26,"column":6},"end":{"line":26,"column":6}},{"start":{"line":26,"column":6},"end":{"line":26,"column":6}}]},"3":{"line":28,"type":"if","locations":[{"start":{"line":28,"column":6},"end":{"line":28,"column":6}},{"start":{"line":28,"column":6},"end":{"line":28,"column":6}}]},"4":{"line":33,"type":"if","locations":[{"start":{"line":33,"column":4},"end":{"line":33,"column":4}},{"start":{"line":33,"column":4},"end":{"line":33,"column":4}}]},"5":{"line":34,"type":"if","locations":[{"start":{"line":34,"column":4},"end":{"line":34,"column":4}},{"start":{"line":34,"column":4},"end":{"line":34,"column":4}}]},"6":{"line":62,"type":"if","locations":[{"start":{"line":62,"column":6},"end":{"line":62,"column":6}},{"start":{"line":62,"column":6},"end":{"line":62,"column":6}}]},"7":{"line":75,"type":"if","locations":[{"start":{"line":75,"column":4},"end":{"line":75,"column":4}},{"start":{"line":75,"column":4},"end":{"line":75,"column":4}}]},"8":{"line":78,"type":"if","locations":[{"start":{"line":78,"column":4},"end":{"line":78,"column":4}},{"start":{"line":78,"column":4},"end":{"line":78,"column":4}}]},"9":{"line":82,"type":"if","locations":[{"start":{"line":82,"column":4},"end":{"line":82,"column":4}},{"start":{"line":82,"column":4},"end":{"line":82,"column":4}}]}}}}